<?xml version="1.0" encoding="UTF-8"?>
<testng-results skipped="0" failed="0" ignored="1" total="5" passed="4">
  <reporter-output>
  </reporter-output>
  <suite name="Suite" duration-ms="72118" started-at="2022-09-08T20:54:24 IST" finished-at="2022-09-08T20:55:36 IST">
    <groups>
    </groups>
    <test name="Test" duration-ms="72118" started-at="2022-09-08T20:54:24 IST" finished-at="2022-09-08T20:55:36 IST">
      <class name="tests.HomePageTest">
        <test-method status="PASS" signature="setup()[pri:0, instance:tests.HomePageTest@2f943d71]" name="setup" is-config="true" duration-ms="24" started-at="2022-09-08T20:54:24 IST" finished-at="2022-09-08T20:54:24 IST">
          <reporter-output>
          </reporter-output>
        </test-method> <!-- setup -->
        <test-method status="PASS" signature="beforeMethod()[pri:0, instance:tests.HomePageTest@2f943d71]" name="beforeMethod" is-config="true" duration-ms="13632" started-at="2022-09-08T20:54:24 IST" finished-at="2022-09-08T20:54:38 IST">
          <reporter-output>
          </reporter-output>
        </test-method> <!-- beforeMethod -->
        <test-method status="PASS" signature="verifyMenuItems()[pri:0, instance:tests.HomePageTest@2f943d71]" name="verifyMenuItems" duration-ms="4275" started-at="2022-09-08T20:54:38 IST" finished-at="2022-09-08T20:54:42 IST">
          <reporter-output>
          </reporter-output>
        </test-method> <!-- verifyMenuItems -->
        <test-method status="PASS" signature="afterMethod(org.testng.ITestResult)[pri:0, instance:tests.HomePageTest@2f943d71]" name="afterMethod" is-config="true" duration-ms="749" started-at="2022-09-08T20:54:42 IST" finished-at="2022-09-08T20:54:43 IST">
          <params>
            <param index="0">
              <value>
                <![CDATA[[TestResult name=verifyMenuItems status=SUCCESS method=HomePageTest.verifyMenuItems()[pri:0, instance:tests.HomePageTest@2f943d71] output={null}]]]>
              </value>
            </param>
          </params>
          <reporter-output>
          </reporter-output>
        </test-method> <!-- afterMethod -->
        <test-method status="PASS" signature="beforeMethod()[pri:0, instance:tests.HomePageTest@2f943d71]" name="beforeMethod" is-config="true" duration-ms="8487" started-at="2022-09-08T20:54:43 IST" finished-at="2022-09-08T20:54:51 IST">
          <reporter-output>
          </reporter-output>
        </test-method> <!-- beforeMethod -->
        <test-method status="PASS" signature="verifyUserName()[pri:0, instance:tests.HomePageTest@2f943d71]" name="verifyUserName" duration-ms="3917" started-at="2022-09-08T20:54:51 IST" finished-at="2022-09-08T20:54:55 IST">
          <reporter-output>
          </reporter-output>
        </test-method> <!-- verifyUserName -->
        <test-method status="PASS" signature="afterMethod(org.testng.ITestResult)[pri:0, instance:tests.HomePageTest@2f943d71]" name="afterMethod" is-config="true" duration-ms="752" started-at="2022-09-08T20:54:55 IST" finished-at="2022-09-08T20:54:56 IST">
          <params>
            <param index="0">
              <value>
                <![CDATA[[TestResult name=verifyUserName status=SUCCESS method=HomePageTest.verifyUserName()[pri:0, instance:tests.HomePageTest@2f943d71] output={null}]]]>
              </value>
            </param>
          </params>
          <reporter-output>
          </reporter-output>
        </test-method> <!-- afterMethod -->
      </class> <!-- tests.HomePageTest -->
      <class name="tests.LeavePageTest">
        <test-method status="PASS" signature="beforeMethod()[pri:0, instance:tests.LeavePageTest@80503]" name="beforeMethod" is-config="true" duration-ms="7804" started-at="2022-09-08T20:54:56 IST" finished-at="2022-09-08T20:55:04 IST">
          <reporter-output>
          </reporter-output>
        </test-method> <!-- beforeMethod -->
        <test-method status="PASS" signature="isResetButtonPreset()[pri:0, instance:tests.LeavePageTest@80503]" name="isResetButtonPreset" duration-ms="4870" started-at="2022-09-08T20:55:04 IST" finished-at="2022-09-08T20:55:09 IST">
          <reporter-output>
          </reporter-output>
        </test-method> <!-- isResetButtonPreset -->
        <test-method status="PASS" signature="afterMethod(org.testng.ITestResult)[pri:0, instance:tests.LeavePageTest@80503]" name="afterMethod" is-config="true" duration-ms="753" started-at="2022-09-08T20:55:09 IST" finished-at="2022-09-08T20:55:10 IST">
          <params>
            <param index="0">
              <value>
                <![CDATA[[TestResult name=isResetButtonPreset status=SUCCESS method=LeavePageTest.isResetButtonPreset()[pri:0, instance:tests.LeavePageTest@80503] output={null}]]]>
              </value>
            </param>
          </params>
          <reporter-output>
          </reporter-output>
        </test-method> <!-- afterMethod -->
        <test-method status="PASS" signature="beforeMethod()[pri:0, instance:tests.LeavePageTest@80503]" name="beforeMethod" is-config="true" duration-ms="21084" started-at="2022-09-08T20:55:10 IST" finished-at="2022-09-08T20:55:31 IST">
          <reporter-output>
          </reporter-output>
        </test-method> <!-- beforeMethod -->
        <test-method status="PASS" signature="isSearchButtonPreset()[pri:0, instance:tests.LeavePageTest@80503]" name="isSearchButtonPreset" duration-ms="4942" started-at="2022-09-08T20:55:31 IST" finished-at="2022-09-08T20:55:36 IST">
          <reporter-output>
          </reporter-output>
        </test-method> <!-- isSearchButtonPreset -->
        <test-method status="PASS" signature="afterMethod(org.testng.ITestResult)[pri:0, instance:tests.LeavePageTest@80503]" name="afterMethod" is-config="true" duration-ms="757" started-at="2022-09-08T20:55:36 IST" finished-at="2022-09-08T20:55:36 IST">
          <params>
            <param index="0">
              <value>
                <![CDATA[[TestResult name=isSearchButtonPreset status=SUCCESS method=LeavePageTest.isSearchButtonPreset()[pri:0, instance:tests.LeavePageTest@80503] output={null}]]]>
              </value>
            </param>
          </params>
          <reporter-output>
          </reporter-output>
        </test-method> <!-- afterMethod -->
      </class> <!-- tests.LeavePageTest -->
    </test> <!-- Test -->
  </suite> <!-- Suite -->
</testng-results>
